#-----------------------------------------------------------
# Vivado v2018.3 (64-bit)
# SW Build 2405991 on Thu Dec  6 23:38:27 MST 2018
# IP Build 2404404 on Fri Dec  7 01:43:56 MST 2018
# Start of session at: Fri Jun 24 00:10:32 2022
# Process ID: 11336
# Current directory: E:/Courses/2022_Spring/2022FallCSOrganLab/lab4/cache
# Command line: vivado.exe -gui_launcher_event rodinguilauncherevent656 E:\Courses\2022_Spring\2022FallCSOrganLab\lab4\cache\cache.xpr
# Log file: E:/Courses/2022_Spring/2022FallCSOrganLab/lab4/cache/vivado.log
# Journal file: E:/Courses/2022_Spring/2022FallCSOrganLab/lab4/cache\vivado.jou
#-----------------------------------------------------------
start_gui
open_project E:/Courses/2022_Spring/2022FallCSOrganLab/lab4/cache/cache.xpr
INFO: [Project 1-313] Project file moved from 'D:/cache' since last save.
Scanning sources...
Finished scanning sources
INFO: [IP_Flow 19-234] Refreshing IP repositories
INFO: [IP_Flow 19-1704] No user IP repositories specified
INFO: [IP_Flow 19-2313] Loaded Vivado IP repository 'D:/Xilinx/Vivado/2018.3/data/ip'.
open_project: Time (s): cpu = 00:00:15 ; elapsed = 00:00:10 . Memory (MB): peak = 774.430 ; gain = 165.859
update_compile_order -fileset sources_1
exit
INFO: [Common 17-206] Exiting Vivado at Mon Jun 27 08:53:16 2022...
